2021-02-24 19:32:48.190  INFO 7210 --- [main] com.tobsi.myquiz.MyApplication           : Starting MyApplication using Java 15 on MacBook-Pro.local with PID 7210 (/Users/7obsi/Documents/intellij-workspace/myquiz/target/classes started by 7obsi in /Users/7obsi/Documents/intellij-workspace/myquiz)
2021-02-24 19:32:48.192  INFO 7210 --- [main] com.tobsi.myquiz.MyApplication           : No active profile set, falling back to default profiles: default
2021-02-24 19:32:49.001  INFO 7210 --- [main] .s.d.r.c.RepositoryConfigurationDelegate : Bootstrapping Spring Data JPA repositories in DEFAULT mode.
2021-02-24 19:32:49.066  INFO 7210 --- [main] .s.d.r.c.RepositoryConfigurationDelegate : Finished Spring Data repository scanning in 55 ms. Found 3 JPA repository interfaces.
2021-02-24 19:32:49.599  INFO 7210 --- [main] o.s.b.w.embedded.tomcat.TomcatWebServer  : Tomcat initialized with port(s): 8080 (http)
2021-02-24 19:32:49.610  INFO 7210 --- [main] o.apache.catalina.core.StandardService   : Starting service [Tomcat]
2021-02-24 19:32:49.611  INFO 7210 --- [main] org.apache.catalina.core.StandardEngine  : Starting Servlet engine: [Apache Tomcat/9.0.43]
2021-02-24 19:32:49.739  INFO 7210 --- [main] o.a.c.c.C.[Tomcat].[localhost].[/]       : Initializing Spring embedded WebApplicationContext
2021-02-24 19:32:49.739  INFO 7210 --- [main] w.s.c.ServletWebServerApplicationContext : Root WebApplicationContext: initialization completed in 1448 ms
2021-02-24 19:32:49.775  INFO 7210 --- [main] com.zaxxer.hikari.HikariDataSource       : HikariPool-1 - Starting...
2021-02-24 19:32:49.956  INFO 7210 --- [main] com.zaxxer.hikari.HikariDataSource       : HikariPool-1 - Start completed.
2021-02-24 19:32:49.962  INFO 7210 --- [main] o.s.b.a.h2.H2ConsoleAutoConfiguration    : H2 console available at '/h2-console'. Database available at 'jdbc:h2:file:./database/db'
2021-02-24 19:32:50.114  INFO 7210 --- [main] o.hibernate.jpa.internal.util.LogHelper  : HHH000204: Processing PersistenceUnitInfo [name: default]
2021-02-24 19:32:50.194  INFO 7210 --- [main] org.hibernate.Version                    : HHH000412: Hibernate ORM core version 5.4.28.Final
2021-02-24 19:32:50.384  INFO 7210 --- [main] o.hibernate.annotations.common.Version   : HCANN000001: Hibernate Commons Annotations {5.1.2.Final}
2021-02-24 19:32:50.518  INFO 7210 --- [main] org.hibernate.dialect.Dialect            : HHH000400: Using dialect: org.hibernate.dialect.H2Dialect
2021-02-24 19:32:51.200  INFO 7210 --- [main] o.h.e.t.j.p.i.JtaPlatformInitiator       : HHH000490: Using JtaPlatform implementation: [org.hibernate.engine.transaction.jta.platform.internal.NoJtaPlatform]
2021-02-24 19:32:51.216  INFO 7210 --- [main] j.LocalContainerEntityManagerFactoryBean : Initialized JPA EntityManagerFactory for persistence unit 'default'
2021-02-24 19:32:51.647  INFO 7210 --- [main] o.s.s.concurrent.ThreadPoolTaskExecutor  : Initializing ExecutorService 'applicationTaskExecutor'
2021-02-24 19:32:51.894  INFO 7210 --- [main] o.s.b.w.embedded.tomcat.TomcatWebServer  : Tomcat started on port(s): 8080 (http) with context path ''
2021-02-24 19:32:51.902  INFO 7210 --- [main] com.tobsi.myquiz.MyApplication           : Started MyApplication in 4.706 seconds (JVM running for 5.866)
2021-02-24 19:32:51.957  INFO 7210 --- [main] com.tobsi.myquiz.generator.LoadDatabase  : Preloading Employee{id=1, name='Bilbo Baggins', role='burglar'}
2021-02-24 19:32:51.959  INFO 7210 --- [main] com.tobsi.myquiz.generator.LoadDatabase  : Preloading Employee{id=2, name='Frodo Baggins', role='thief'}
2021-02-24 19:33:14.723  INFO 7210 --- [http-nio-8080-exec-5] o.a.c.c.C.[Tomcat].[localhost].[/]       : Initializing Spring DispatcherServlet 'dispatcherServlet'
2021-02-24 19:33:14.725  INFO 7210 --- [http-nio-8080-exec-5] o.s.web.servlet.DispatcherServlet        : Initializing Servlet 'dispatcherServlet'
2021-02-24 19:33:14.728  INFO 7210 --- [http-nio-8080-exec-5] o.s.web.servlet.DispatcherServlet        : Completed initialization in 3 ms
2021-02-24 19:34:17.138  INFO 7210 --- [SpringContextShutdownHook] o.s.s.concurrent.ThreadPoolTaskExecutor  : Shutting down ExecutorService 'applicationTaskExecutor'
2021-02-24 19:34:17.139  INFO 7210 --- [SpringContextShutdownHook] j.LocalContainerEntityManagerFactoryBean : Closing JPA EntityManagerFactory for persistence unit 'default'
2021-02-24 19:34:17.143  INFO 7210 --- [SpringContextShutdownHook] com.zaxxer.hikari.HikariDataSource       : HikariPool-1 - Shutdown initiated...
2021-02-24 19:34:17.146  INFO 7210 --- [SpringContextShutdownHook] com.zaxxer.hikari.HikariDataSource       : HikariPool-1 - Shutdown completed.
2021-02-24 19:34:20.653  INFO 7236 --- [main] com.tobsi.myquiz.MyApplication           : Starting MyApplication using Java 15 on MacBook-Pro.local with PID 7236 (/Users/7obsi/Documents/intellij-workspace/myquiz/target/classes started by 7obsi in /Users/7obsi/Documents/intellij-workspace/myquiz)
2021-02-24 19:34:20.656  INFO 7236 --- [main] com.tobsi.myquiz.MyApplication           : No active profile set, falling back to default profiles: default
2021-02-24 19:34:21.579  INFO 7236 --- [main] .s.d.r.c.RepositoryConfigurationDelegate : Bootstrapping Spring Data JPA repositories in DEFAULT mode.
2021-02-24 19:34:21.645  INFO 7236 --- [main] .s.d.r.c.RepositoryConfigurationDelegate : Finished Spring Data repository scanning in 55 ms. Found 3 JPA repository interfaces.
2021-02-24 19:34:22.164  INFO 7236 --- [main] o.s.b.w.embedded.tomcat.TomcatWebServer  : Tomcat initialized with port(s): 8080 (http)
2021-02-24 19:34:22.174  INFO 7236 --- [main] o.apache.catalina.core.StandardService   : Starting service [Tomcat]
2021-02-24 19:34:22.175  INFO 7236 --- [main] org.apache.catalina.core.StandardEngine  : Starting Servlet engine: [Apache Tomcat/9.0.43]
2021-02-24 19:34:22.279  INFO 7236 --- [main] o.a.c.c.C.[Tomcat].[localhost].[/]       : Initializing Spring embedded WebApplicationContext
2021-02-24 19:34:22.279  INFO 7236 --- [main] w.s.c.ServletWebServerApplicationContext : Root WebApplicationContext: initialization completed in 1508 ms
2021-02-24 19:34:22.314  INFO 7236 --- [main] com.zaxxer.hikari.HikariDataSource       : HikariPool-1 - Starting...
2021-02-24 19:34:22.486  INFO 7236 --- [main] com.zaxxer.hikari.HikariDataSource       : HikariPool-1 - Start completed.
2021-02-24 19:34:22.492  INFO 7236 --- [main] o.s.b.a.h2.H2ConsoleAutoConfiguration    : H2 console available at '/h2-console'. Database available at 'jdbc:h2:file:./database/db'
2021-02-24 19:34:22.674  INFO 7236 --- [main] o.hibernate.jpa.internal.util.LogHelper  : HHH000204: Processing PersistenceUnitInfo [name: default]
2021-02-24 19:34:22.745  INFO 7236 --- [main] org.hibernate.Version                    : HHH000412: Hibernate ORM core version 5.4.28.Final
2021-02-24 19:34:22.927  INFO 7236 --- [main] o.hibernate.annotations.common.Version   : HCANN000001: Hibernate Commons Annotations {5.1.2.Final}
2021-02-24 19:34:23.039  INFO 7236 --- [main] org.hibernate.dialect.Dialect            : HHH000400: Using dialect: org.hibernate.dialect.H2Dialect
2021-02-24 19:34:23.715  INFO 7236 --- [main] o.h.e.t.j.p.i.JtaPlatformInitiator       : HHH000490: Using JtaPlatform implementation: [org.hibernate.engine.transaction.jta.platform.internal.NoJtaPlatform]
2021-02-24 19:34:23.724  INFO 7236 --- [main] j.LocalContainerEntityManagerFactoryBean : Initialized JPA EntityManagerFactory for persistence unit 'default'
2021-02-24 19:34:24.186  INFO 7236 --- [main] o.s.s.concurrent.ThreadPoolTaskExecutor  : Initializing ExecutorService 'applicationTaskExecutor'
2021-02-24 19:34:24.435  INFO 7236 --- [main] o.s.b.w.embedded.tomcat.TomcatWebServer  : Tomcat started on port(s): 8080 (http) with context path ''
2021-02-24 19:34:24.443  INFO 7236 --- [main] com.tobsi.myquiz.MyApplication           : Started MyApplication in 4.293 seconds (JVM running for 5.347)
2021-02-24 19:34:24.496  INFO 7236 --- [main] com.tobsi.myquiz.generator.LoadDatabase  : Preloading Employee{id=33, name='Bilbo Baggins', role='burglar'}
2021-02-24 19:34:24.498  INFO 7236 --- [main] com.tobsi.myquiz.generator.LoadDatabase  : Preloading Employee{id=34, name='Frodo Baggins', role='thief'}
2021-02-24 19:34:28.962  INFO 7236 --- [http-nio-8080-exec-1] o.a.c.c.C.[Tomcat].[localhost].[/]       : Initializing Spring DispatcherServlet 'dispatcherServlet'
2021-02-24 19:34:28.962  INFO 7236 --- [http-nio-8080-exec-1] o.s.web.servlet.DispatcherServlet        : Initializing Servlet 'dispatcherServlet'
2021-02-24 19:34:28.963  INFO 7236 --- [http-nio-8080-exec-1] o.s.web.servlet.DispatcherServlet        : Completed initialization in 1 ms
